<?xml version="1.0" encoding="UTF-8"?>
<!-- Generated by org.testng.reporters.JUnitReportReporter -->
<testsuite hostname="DESKTOP-E47BSIE" failures="0" tests="1" name="jenkins.Launch" time="10.527" errors="0" timestamp="2024-07-06T09:14:45 IST" skipped="0">
  <testcase classname="jenkins.Launch" name="login" time="10.527"/>
  <system-out/>
</testsuite> <!-- jenkins.Launch -->
